<?xml version="1.0" encoding="UTF-8"?>
<testsuites name="jest tests" tests="11" failures="0" errors="0" time="1.006">
  <testsuite name="Health Check" errors="0" failures="0" skipped="0" timestamp="2026-05-24T12:08:45" time="0.94" tests="11">
    <testcase classname="Health Check GET / returns 200" name="Health Check GET / returns 200" time="0.026">
    </testcase>
    <testcase classname="Health Check GET / response contains text" name="Health Check GET / response contains text" time="0.006">
    </testcase>
    <testcase classname="Input Validation POST /api/tasks with no body returns 400" name="Input Validation POST /api/tasks with no body returns 400" time="0.021">
    </testcase>
    <testcase classname="Input Validation POST /api/tasks with no body returns error message" name="Input Validation POST /api/tasks with no body returns error message" time="0.005">
    </testcase>
    <testcase classname="Input Validation POST /api/tasks with empty title returns 400" name="Input Validation POST /api/tasks with empty title returns 400" time="0.004">
    </testcase>
    <testcase classname="Task Schema Tests Task model is defined" name="Task Schema Tests Task model is defined" time="0">
    </testcase>
    <testcase classname="Task Schema Tests Task schema has title path" name="Task Schema Tests Task schema has title path" time="0.001">
    </testcase>
    <testcase classname="Task Schema Tests Task schema has completed path" name="Task Schema Tests Task schema has completed path" time="0">
    </testcase>
    <testcase classname="Task Schema Tests Task title is required" name="Task Schema Tests Task title is required" time="0.001">
    </testcase>
    <testcase classname="Task Schema Tests Task completed default is false" name="Task Schema Tests Task completed default is false" time="0">
    </testcase>
    <testcase classname="Task Schema Tests Task schema has timestamps" name="Task Schema Tests Task schema has timestamps" time="0">
    </testcase>
  </testsuite>
</testsuites>